Archiving F:\AMVS Russia\NaturaDestruction\PR_Montage\PROJECT\PR_SCENE1.5intro.veg
	to F:\AMVS Russia\NaturaDestruction\PR_Montage\DAVINCI_PROJECT\PR_SCENE1.5intro.xml
Ignored offline media D:\AMVS\NATURA_DESTRUKTIA\PrioraIntro30Nov\Overlay35mmFilmBurn.mp4
Ignored offline media D:\AMVS\NATURA_DESTRUKTIA\PrioraIntro30Nov\OverlayParticles.mp4
Ignored offline media D:\AMVS\NATURA_DESTRUKTIA\PrioraIntro30Nov\OverlayVHSNoise.mp4
Ignored offline media D:\AMVS\NATURA_DESTRUKTIA\PrioraIntro30Nov\Photo (1).jpg
Ignored offline media D:\AMVS\NATURA_DESTRUKTIA\PrioraIntro30Nov\Photo (10).jpg
Ignored offline media D:\AMVS\NATURA_DESTRUKTIA\PrioraIntro30Nov\Photo (11).jpg
Ignored offline media D:\AMVS\NATURA_DESTRUKTIA\PrioraIntro30Nov\Photo (12).jpg
Ignored offline media D:\AMVS\NATURA_DESTRUKTIA\PrioraIntro30Nov\Photo (13).jpg
Ignored offline media D:\AMVS\NATURA_DESTRUKTIA\PrioraIntro30Nov\Photo (14).jpg
Ignored offline media D:\AMVS\NATURA_DESTRUKTIA\PrioraIntro30Nov\Photo (2).jpg
Ignored offline media D:\AMVS\NATURA_DESTRUKTIA\PrioraIntro30Nov\Photo (3).jpg
Ignored offline media D:\AMVS\NATURA_DESTRUKTIA\PrioraIntro30Nov\Photo (4).jpg
Ignored offline media D:\AMVS\NATURA_DESTRUKTIA\PrioraIntro30Nov\Photo (5).jpg
Ignored offline media D:\AMVS\NATURA_DESTRUKTIA\PrioraIntro30Nov\Photo (6).jpg
Ignored offline media D:\AMVS\NATURA_DESTRUKTIA\PrioraIntro30Nov\Photo (7).jpg
Ignored offline media D:\AMVS\NATURA_DESTRUKTIA\PrioraIntro30Nov\Photo (8).jpg
Ignored offline media D:\AMVS\NATURA_DESTRUKTIA\PrioraIntro30Nov\Photo (9).jpg
Ignored offline media D:\AMVS\NATURA_DESTRUKTIA\PrioraIntro30Nov\PhotoOverlay (1).jpg
Ignored offline media D:\AMVS\NATURA_DESTRUKTIA\PrioraIntro30Nov\PhotoOverlay (1).png
Ignored offline media D:\AMVS\NATURA_DESTRUKTIA\PrioraIntro30Nov\PhotoOverlay (2).jpg
Ignored offline media D:\AMVS\NATURA_DESTRUKTIA\PrioraIntro30Nov\PhotoOverlay (3).jpg
Ignored offline media D:\AMVS\NATURA_DESTRUKTIA\PrioraIntro30Nov\PhotoOverlay (4).jpg
Ignored offline media D:\AMVS\NATURA_DESTRUKTIA\PrioraIntro30Nov\PhotoOverlay (5).jpg
Ignored offline media D:\AMVS\NATURA_DESTRUKTIA\PrioraIntro30Nov\PhotoOverlay (6).jpg
Ignored offline media D:\AMVS\NATURA_DESTRUKTIA\PrioraIntro30Nov\PhotoOverlay (7).jpg
Ignored offline media D:\AMVS\NATURA_DESTRUKTIA\PrioraIntro30Nov\TakistanWarRawLong.mp4
Ignored offline media F:\Music\Music\The Jimi Hendrix Experience\All Along The Watchtower.mp3
Ignored offline media F:\Music\Music\unsorted\06dee980e207.mp3
Deinterlace method ignored.
Motion blur type ignored.
Codec for first video event in sequence not found.
Effects for track 8 ignored.
Loop switch for event at 00:00:06,15 in track 8 ignored.
Effects for track 7 ignored.
Loop switch for event at 00:00:20,00 in track 7 ignored.
Effects for track 6 ignored.
Loop switch for event at 00:00:00,00 in track 6 ignored.
Loop switch for event at 00:00:45,04 in track 6 ignored.
Loop switch for event at 00:01:34,12 in track 6 ignored.
Loop switch for event at 00:03:34,14 in track 6 ignored.
Loop switch for event at 00:06:26,02 in track 6 ignored.
Loop switch for event at 00:07:55,18 in track 6 ignored.
Loop switch for event at 00:09:08,04 in track 6 ignored.
Loop switch for event at 00:09:32,19 in track 6 ignored.
Loop switch for event at 00:10:01,18 in track 6 ignored.
Loop switch for event at 00:10:08,01 in track 6 ignored.
Loop switch for event at 00:11:02,01 in track 6 ignored.
Loop switch for event at 00:11:49,06 in track 6 ignored.
Loop switch for event at 00:12:01,16 in track 6 ignored.
Loop switch for event at 00:12:06,09 in track 6 ignored.
Loop switch for event at 00:12:21,19 in track 6 ignored.
Loop switch for event at 00:12:42,09 in track 6 ignored.
Loop switch for event at 00:12:54,16 in track 6 ignored.
Loop switch for event at 00:13:28,23 in track 6 ignored.
Loop switch for event at 00:13:52,06 in track 6 ignored.
Loop switch for event at 00:14:24,12 in track 6 ignored.
Loop switch for event at 00:14:34,13 in track 6 ignored.
Loop switch for event at 00:14:47,18 in track 6 ignored.
Loop switch for event at 00:15:04,15 in track 6 ignored.
Loop switch for event at 00:15:19,05 in track 6 ignored.
Loop switch for event at 00:15:50,07 in track 6 ignored.
Loop switch for event at 00:16:46,18 in track 6 ignored.
Loop switch for event at 00:18:07,06 in track 6 ignored.
Loop switch for event at 00:18:35,23 in track 6 ignored.
Loop switch for event at 00:19:10,03 in track 6 ignored.
Loop switch for event at 00:19:42,12 in track 6 ignored.
Loop switch for event at 00:20:07,22 in track 6 ignored.
Loop switch for event at 00:20:33,03 in track 6 ignored.
Loop switch for event at 00:20:54,03 in track 6 ignored.
Loop switch for event at 00:21:46,12 in track 6 ignored.
Loop switch for event at 00:24:33,19 in track 6 ignored.
Loop switch for event at 00:25:02,22 in track 6 ignored.
Loop switch for event at 00:25:24,20 in track 6 ignored.
Loop switch for event at 00:26:05,20 in track 6 ignored.
Loop switch for event at 00:27:19,19 in track 6 ignored.
Loop switch for event at 00:27:46,19 in track 6 ignored.
Loop switch for event at 00:29:57,05 in track 6 ignored.
Loop switch for event at 00:30:59,11 in track 6 ignored.
Loop switch for event at 00:31:21,04 in track 6 ignored.
Loop switch for event at 00:31:41,15 in track 6 ignored.
Loop switch for event at 00:32:01,06 in track 6 ignored.
Loop switch for event at 00:32:16,17 in track 6 ignored.
Loop switch for event at 00:32:27,03 in track 6 ignored.
Loop switch for event at 00:32:46,17 in track 6 ignored.
Loop switch for event at 00:33:08,10 in track 6 ignored.
Loop switch for event at 00:33:30,10 in track 6 ignored.
Loop switch for event at 00:34:05,10 in track 6 ignored.
Loop switch for event at 00:34:39,14 in track 6 ignored.
Loop switch for event at 00:35:11,22 in track 6 ignored.
Loop switch for event at 00:35:27,23 in track 6 ignored.
Loop switch for event at 00:36:10,15 in track 6 ignored.
Loop switch for event at 00:36:31,01 in track 6 ignored.
Loop switch for event at 00:36:59,04 in track 6 ignored.
Effects for track 5 ignored.
Loop switch for event at 00:00:00,00 in track 5 ignored.
Loop switch for event at 00:00:45,04 in track 5 ignored.
Loop switch for event at 00:01:34,12 in track 5 ignored.
Loop switch for event at 00:03:34,14 in track 5 ignored.
Loop switch for event at 00:06:26,02 in track 5 ignored.
Loop switch for event at 00:07:55,18 in track 5 ignored.
Loop switch for event at 00:09:08,04 in track 5 ignored.
Loop switch for event at 00:09:32,19 in track 5 ignored.
Loop switch for event at 00:10:01,18 in track 5 ignored.
Loop switch for event at 00:10:08,01 in track 5 ignored.
Loop switch for event at 00:11:02,01 in track 5 ignored.
Loop switch for event at 00:11:49,06 in track 5 ignored.
Loop switch for event at 00:12:01,16 in track 5 ignored.
Loop switch for event at 00:12:06,09 in track 5 ignored.
Loop switch for event at 00:12:21,19 in track 5 ignored.
Loop switch for event at 00:12:42,09 in track 5 ignored.
Loop switch for event at 00:12:54,16 in track 5 ignored.
Loop switch for event at 00:13:28,23 in track 5 ignored.
Loop switch for event at 00:13:52,06 in track 5 ignored.
Loop switch for event at 00:14:24,12 in track 5 ignored.
Loop switch for event at 00:14:34,13 in track 5 ignored.
Loop switch for event at 00:14:47,18 in track 5 ignored.
Loop switch for event at 00:15:04,15 in track 5 ignored.
Loop switch for event at 00:15:19,05 in track 5 ignored.
Loop switch for event at 00:15:50,07 in track 5 ignored.
Loop switch for event at 00:16:46,18 in track 5 ignored.
Loop switch for event at 00:18:07,06 in track 5 ignored.
Loop switch for event at 00:18:35,23 in track 5 ignored.
Loop switch for event at 00:19:10,03 in track 5 ignored.
Loop switch for event at 00:19:42,12 in track 5 ignored.
Loop switch for event at 00:20:07,22 in track 5 ignored.
Loop switch for event at 00:20:33,03 in track 5 ignored.
Loop switch for event at 00:20:54,03 in track 5 ignored.
Loop switch for event at 00:21:46,12 in track 5 ignored.
Loop switch for event at 00:24:33,19 in track 5 ignored.
Loop switch for event at 00:25:02,22 in track 5 ignored.
Loop switch for event at 00:25:24,20 in track 5 ignored.
Loop switch for event at 00:26:05,20 in track 5 ignored.
Loop switch for event at 00:27:19,19 in track 5 ignored.
Loop switch for event at 00:27:46,19 in track 5 ignored.
Loop switch for event at 00:29:57,05 in track 5 ignored.
Loop switch for event at 00:30:59,11 in track 5 ignored.
Loop switch for event at 00:31:21,04 in track 5 ignored.
Loop switch for event at 00:31:41,15 in track 5 ignored.
Loop switch for event at 00:32:01,06 in track 5 ignored.
Loop switch for event at 00:32:16,17 in track 5 ignored.
Loop switch for event at 00:32:27,03 in track 5 ignored.
Loop switch for event at 00:32:46,17 in track 5 ignored.
Loop switch for event at 00:33:08,10 in track 5 ignored.
Loop switch for event at 00:33:30,10 in track 5 ignored.
Loop switch for event at 00:34:05,10 in track 5 ignored.
Loop switch for event at 00:34:39,14 in track 5 ignored.
Loop switch for event at 00:35:11,22 in track 5 ignored.
Loop switch for event at 00:35:27,23 in track 5 ignored.
Loop switch for event at 00:36:10,15 in track 5 ignored.
Loop switch for event at 00:36:31,01 in track 5 ignored.
Loop switch for event at 00:36:59,04 in track 5 ignored.
Composite mode for track 4 ignored.
Loop switch for event at 00:00:45,04 in track 4 ignored.
Loop switch for event at 00:01:34,12 in track 4 ignored.
Loop switch for event at 00:03:34,14 in track 4 ignored.
Loop switch for event at 00:06:26,02 in track 4 ignored.
Loop switch for event at 00:07:55,18 in track 4 ignored.
Loop switch for event at 00:09:08,04 in track 4 ignored.
Loop switch for event at 00:09:32,19 in track 4 ignored.
Loop switch for event at 00:10:01,18 in track 4 ignored.
Loop switch for event at 00:10:08,01 in track 4 ignored.
Loop switch for event at 00:11:02,01 in track 4 ignored.
Loop switch for event at 00:11:49,06 in track 4 ignored.
Loop switch for event at 00:12:01,16 in track 4 ignored.
Loop switch for event at 00:12:06,09 in track 4 ignored.
Loop switch for event at 00:12:21,19 in track 4 ignored.
Loop switch for event at 00:12:42,09 in track 4 ignored.
Loop switch for event at 00:12:54,16 in track 4 ignored.
Loop switch for event at 00:13:28,23 in track 4 ignored.
Loop switch for event at 00:13:52,06 in track 4 ignored.
Loop switch for event at 00:14:24,12 in track 4 ignored.
Loop switch for event at 00:14:34,13 in track 4 ignored.
Loop switch for event at 00:14:47,18 in track 4 ignored.
Loop switch for event at 00:15:04,15 in track 4 ignored.
Loop switch for event at 00:15:19,05 in track 4 ignored.
Loop switch for event at 00:15:50,07 in track 4 ignored.
Loop switch for event at 00:16:46,18 in track 4 ignored.
Loop switch for event at 00:18:07,06 in track 4 ignored.
Loop switch for event at 00:18:35,23 in track 4 ignored.
Loop switch for event at 00:19:10,03 in track 4 ignored.
Loop switch for event at 00:19:42,12 in track 4 ignored.
Loop switch for event at 00:20:07,22 in track 4 ignored.
Loop switch for event at 00:20:33,03 in track 4 ignored.
Loop switch for event at 00:20:54,03 in track 4 ignored.
Loop switch for event at 00:21:46,12 in track 4 ignored.
Loop switch for event at 00:24:33,19 in track 4 ignored.
Loop switch for event at 00:25:02,22 in track 4 ignored.
Loop switch for event at 00:25:24,20 in track 4 ignored.
Loop switch for event at 00:26:05,20 in track 4 ignored.
Loop switch for event at 00:27:19,19 in track 4 ignored.
Loop switch for event at 00:27:46,19 in track 4 ignored.
Loop switch for event at 00:29:57,05 in track 4 ignored.
Loop switch for event at 00:30:59,11 in track 4 ignored.
Loop switch for event at 00:31:21,04 in track 4 ignored.
Loop switch for event at 00:31:41,15 in track 4 ignored.
Loop switch for event at 00:32:01,06 in track 4 ignored.
Loop switch for event at 00:32:16,17 in track 4 ignored.
Loop switch for event at 00:32:27,03 in track 4 ignored.
Loop switch for event at 00:32:46,17 in track 4 ignored.
Loop switch for event at 00:33:08,10 in track 4 ignored.
Loop switch for event at 00:33:30,10 in track 4 ignored.
Loop switch for event at 00:34:05,10 in track 4 ignored.
Loop switch for event at 00:34:39,14 in track 4 ignored.
Loop switch for event at 00:35:11,22 in track 4 ignored.
Loop switch for event at 00:35:27,23 in track 4 ignored.
Loop switch for event at 00:36:10,15 in track 4 ignored.
Loop switch for event at 00:36:31,01 in track 4 ignored.
Loop switch for event at 00:36:59,04 in track 4 ignored.
Loop switch for event at 00:38:30,03 in track 4 ignored.
Composite mode for track 3 ignored.
Loop switch for event at 00:00:00,00 in track 3 ignored.
Composite mode for track 2 ignored.
Loop switch for event at 00:00:00,00 in track 2 ignored.
Composite mode for track 1 ignored.
Loop switch for event at 00:00:00,00 in track 1 ignored.
Saved project F:\AMVS Russia\NaturaDestruction\PR_Montage\PROJECT\PR_SCENE1.5intro.veg
	to F:\AMVS Russia\NaturaDestruction\PR_Montage\DAVINCI_PROJECT\PR_SCENE1.5intro.xml
Archiving complete.
